{"level":"info","ts":1764371293.023125,"caller":"HabitTracker/main.go:30","msg":"starting_application"}
{"level":"info","ts":1764371293.155868,"caller":"HabitTracker/main.go:154","msg":"starting_http_server","port":"8080"}
{"level":"info","ts":1764371313.0761666,"caller":"middleware/request_logger.go:25","msg":"http_request","method":"GET","path":"/health","status":200,"duration":0.000214143,"client_ip":"::1"}
{"level":"info","ts":1764371313.1443338,"caller":"middleware/request_logger.go:25","msg":"http_request","method":"GET","path":"/favicon.ico","status":404,"duration":0.000004349,"client_ip":"::1"}
{"level":"warn","ts":1764371422.537639,"caller":"routes/auth_routes.go:35","msg":"invalid_register_request","error":"invalid character '-' in numeric literal"}
{"level":"info","ts":1764371422.5379074,"caller":"middleware/request_logger.go:25","msg":"http_request","method":"POST","path":"/api/register","status":400,"duration":0.000331855,"client_ip":"::1"}
{"level":"info","ts":1764371528.8394349,"caller":"HabitTracker/main.go:175","msg":"shutting_down_server"}
{"level":"info","ts":1764371528.8396995,"caller":"HabitTracker/main.go:185","msg":"server_stopped"}
{"level":"info","ts":1764391497.8496044,"caller":"HabitTracker/main.go:30","msg":"starting_application"}
{"level":"info","ts":1764391498.1382492,"caller":"HabitTracker/main.go:154","msg":"starting_http_server","port":"8080"}
{"level":"warn","ts":1764391500.6411166,"caller":"routes/auth_routes.go:35","msg":"invalid_register_request","error":"invalid character '-' in numeric literal"}
{"level":"info","ts":1764391500.6413705,"caller":"middleware/request_logger.go:25","msg":"http_request","method":"POST","path":"/api/register","status":400,"duration":0.000399419,"client_ip":"::1"}
{"level":"info","ts":1764391597.3434522,"caller":"middleware/request_logger.go:25","msg":"http_request","method":"GET","path":"/api/register","status":404,"duration":0.000062233,"client_ip":"::1"}
{"level":"info","ts":1764391616.4151292,"caller":"middleware/request_logger.go:25","msg":"http_request","method":"GET","path":"/register","status":404,"duration":0.000007024,"client_ip":"::1"}
{"level":"info","ts":1764391619.4083443,"caller":"middleware/request_logger.go:25","msg":"http_request","method":"GET","path":"/register","status":404,"duration":0.000113403,"client_ip":"::1"}
{"level":"info","ts":1764391661.243157,"caller":"middleware/request_logger.go:25","msg":"http_request","method":"GET","path":"/api/register","status":404,"duration":0.000007003,"client_ip":"::1"}
{"level":"warn","ts":1764391667.133532,"caller":"routes/auth_routes.go:35","msg":"invalid_register_request","error":"invalid character '-' in numeric literal"}
{"level":"info","ts":1764391667.1338406,"caller":"middleware/request_logger.go:25","msg":"http_request","method":"POST","path":"/api/register","status":400,"duration":0.000330893,"client_ip":"::1"}
{"level":"info","ts":1764391787.2482119,"caller":"middleware/request_logger.go:25","msg":"http_request","method":"POST","path":"/api/register","status":409,"duration":0.001624489,"client_ip":"::1"}
{"level":"warn","ts":1764391816.704927,"caller":"routes/auth_routes.go:35","msg":"invalid_register_request","error":"Key: 'Password' Error:Field validation for 'Password' failed on the 'min' tag"}
{"level":"info","ts":1764391816.7050152,"caller":"middleware/request_logger.go:25","msg":"http_request","method":"POST","path":"/api/register","status":400,"duration":0.000172894,"client_ip":"::1"}
{"level":"info","ts":1764391848.2748327,"caller":"routes/auth_routes.go:80","msg":"user_registered","user_id":14,"username":"Madina"}
{"level":"info","ts":1764391848.275069,"caller":"middleware/request_logger.go:25","msg":"http_request","method":"POST","path":"/api/register","status":201,"duration":2.579439393,"client_ip":"::1"}
{"level":"info","ts":1764391900.959809,"caller":"middleware/request_logger.go:25","msg":"http_request","method":"GET","path":"/metrics","status":200,"duration":0.005138537,"client_ip":"::1"}
{"level":"info","ts":1764391901.160138,"caller":"middleware/request_logger.go:25","msg":"http_request","method":"GET","path":"/favicon.ico","status":404,"duration":0.000007454,"client_ip":"::1"}
{"level":"info","ts":1764391941.9436665,"caller":"middleware/request_logger.go:25","msg":"http_request","method":"GET","path":"/metrics","status":200,"duration":0.003501501,"client_ip":"::1"}
{"level":"info","ts":1764392003.2853193,"caller":"middleware/request_logger.go:25","msg":"http_request","method":"GET","path":"/habits","status":404,"duration":0.000006592,"client_ip":"::1"}
{"level":"info","ts":1764392012.3979137,"caller":"middleware/request_logger.go:25","msg":"http_request","method":"GET","path":"/api/habits","status":401,"duration":0.000210627,"client_ip":"::1"}
{"level":"info","ts":1764392018.503385,"caller":"middleware/request_logger.go:25","msg":"http_request","method":"GET","path":"/api/habits","status":200,"duration":0.001711773,"client_ip":"::1"}
{"level":"warn","ts":1764392068.271542,"caller":"handlers/habitHandler.go:57","msg":"unauthorized_habit_creation","current_user_id":14,"requested_user_id":1}
{"level":"info","ts":1764392068.2716882,"caller":"middleware/request_logger.go:25","msg":"http_request","method":"POST","path":"/api/habits","status":403,"duration":0.002010626,"client_ip":"::1"}
{"level":"warn","ts":1764392077.8122842,"caller":"handlers/habitHandler.go:57","msg":"unauthorized_habit_creation","current_user_id":14,"requested_user_id":1}
{"level":"info","ts":1764392077.8124368,"caller":"middleware/request_logger.go:25","msg":"http_request","method":"POST","path":"/api/habits","status":403,"duration":0.001287655,"client_ip":"::1"}
{"level":"warn","ts":1764392181.6996925,"caller":"handlers/habitHandler.go:57","msg":"unauthorized_habit_creation","current_user_id":14,"requested_user_id":1}
{"level":"info","ts":1764392181.6998582,"caller":"middleware/request_logger.go:25","msg":"http_request","method":"POST","path":"/api/habits","status":403,"duration":0.001137884,"client_ip":"::1"}
{"level":"warn","ts":1764392187.7205315,"caller":"handlers/habitHandler.go:29","msg":"invalid_create_habit_request","error":"Key: 'CreateHabitRequest.Frequency' Error:Field validation for 'Frequency' failed on the 'required' tag","client_ip":"::1"}
{"level":"info","ts":1764392187.7206886,"caller":"middleware/request_logger.go:25","msg":"http_request","method":"POST","path":"/api/habits","status":400,"duration":0.001171237,"client_ip":"::1"}
{"level":"warn","ts":1764392192.451035,"caller":"handlers/habitHandler.go:57","msg":"unauthorized_habit_creation","current_user_id":14,"requested_user_id":1}
{"level":"info","ts":1764392192.4512944,"caller":"middleware/request_logger.go:25","msg":"http_request","method":"POST","path":"/api/habits","status":403,"duration":0.001484027,"client_ip":"::1"}
{"level":"warn","ts":1764392203.876128,"caller":"handlers/habitHandler.go:57","msg":"unauthorized_habit_creation","current_user_id":14,"requested_user_id":1}
{"level":"info","ts":1764392203.876437,"caller":"middleware/request_logger.go:25","msg":"http_request","method":"POST","path":"/api/habits","status":403,"duration":0.001663996,"client_ip":"::1"}
{"level":"warn","ts":1764392258.7083426,"caller":"routes/auth_routes.go:102","msg":"invalid_login_request","error":"invalid character '-' in numeric literal"}
{"level":"info","ts":1764392258.708626,"caller":"middleware/request_logger.go:25","msg":"http_request","method":"POST","path":"/api/login","status":400,"duration":0.00024438,"client_ip":"::1"}
{"level":"warn","ts":1764392303.8010964,"caller":"routes/auth_routes.go:110","msg":"login_user_not_found","username":"Bekzhan"}
{"level":"info","ts":1764392303.801235,"caller":"middleware/request_logger.go:25","msg":"http_request","method":"POST","path":"/api/login","status":401,"duration":0.001505976,"client_ip":"::1"}
{"level":"info","ts":1764392325.0234342,"caller":"routes/auth_routes.go:134","msg":"user_logged_in","user_id":1}
{"level":"info","ts":1764392325.0235584,"caller":"middleware/request_logger.go:25","msg":"http_request","method":"POST","path":"/api/login","status":200,"duration":0.153339939,"client_ip":"::1"}
{"level":"info","ts":1764392344.3542335,"caller":"middleware/request_logger.go:25","msg":"http_request","method":"GET","path":"/api/habits","status":200,"duration":0.002204201,"client_ip":"::1"}
{"level":"info","ts":1764392379.2158122,"caller":"middleware/request_logger.go:25","msg":"http_request","method":"GET","path":"/health","status":200,"duration":0.000118544,"client_ip":"::1"}
{"level":"info","ts":1764392560.0874205,"caller":"HabitTracker/main.go:175","msg":"shutting_down_server"}
{"level":"info","ts":1764392560.0878193,"caller":"HabitTracker/main.go:185","msg":"server_stopped"}
{"level":"info","ts":1764694318.40976,"caller":"HabitTracker/main.go:35","msg":"starting_application","version":"2.0.0"}
{"level":"error","ts":1764694320.6354368,"caller":"cache/redis.go:42","msg":"redis_connection_failed","error":"dial tcp [::1]:6379: connect: connection refused"}
{"level":"fatal","ts":1764694320.6355267,"caller":"HabitTracker/main.go:56","msg":"redis_initialization_failed","error":"dial tcp [::1]:6379: connect: connection refused"}
{"level":"info","ts":1764694606.1343372,"caller":"HabitTracker/main.go:35","msg":"starting_application","version":"2.0.0"}
{"level":"info","ts":1764694606.247105,"caller":"cache/redis.go:46","msg":"redis_connected","addr":"localhost:6379"}
{"level":"info","ts":1764694606.2475555,"caller":"HabitTracker/main.go:337","msg":"starting_http_server","port":"8080","environment":"release"}
{"level":"info","ts":1764694620.5657365,"caller":"middleware/request_logger.go:25","msg":"http_request","method":"OPTIONS","path":"/habits","status":204,"duration":0.000584761,"client_ip":"::1"}
{"level":"info","ts":1764694620.5794337,"caller":"middleware/request_logger.go:25","msg":"http_request","method":"GET","path":"/uploads/*filepath","status":200,"duration":0.01763383,"client_ip":"::1"}
{"level":"info","ts":1764694627.7565005,"caller":"middleware/request_logger.go:25","msg":"http_request","method":"OPTIONS","path":"/login","status":204,"duration":0.000285618,"client_ip":"::1"}
{"level":"info","ts":1764694627.7586238,"caller":"middleware/request_logger.go:25","msg":"http_request","method":"POST","path":"/login","status":403,"duration":0.000183516,"client_ip":"::1"}
{"level":"info","ts":1764694647.251446,"caller":"middleware/request_logger.go:25","msg":"http_request","method":"POST","path":"/login","status":403,"duration":0.000229202,"client_ip":"::1"}
{"level":"info","ts":1764695023.798725,"caller":"HabitTracker/main.go:372","msg":"shutting_down_server"}
{"level":"info","ts":1764695023.7988691,"caller":"HabitTracker/main.go:382","msg":"server_stopped"}
{"level":"info","ts":1764695025.2208185,"caller":"HabitTracker/main.go:35","msg":"starting_application","version":"2.0.0"}
{"level":"info","ts":1764695025.327768,"caller":"cache/redis.go:46","msg":"redis_connected","addr":"localhost:6379"}
{"level":"info","ts":1764695025.3281598,"caller":"HabitTracker/main.go:337","msg":"starting_http_server","port":"8080","environment":"release"}
{"level":"info","ts":1764695030.6617022,"caller":"middleware/request_logger.go:25","msg":"http_request","method":"POST","path":"/login","status":403,"duration":0.000310254,"client_ip":"::1"}
{"level":"info","ts":1764695031.7217,"caller":"middleware/request_logger.go:25","msg":"http_request","method":"POST","path":"/login","status":403,"duration":0.000326936,"client_ip":"::1"}
{"level":"info","ts":1764695039.1724846,"caller":"middleware/request_logger.go:25","msg":"http_request","method":"POST","path":"/login","status":403,"duration":0.0001913,"client_ip":"::1"}
{"level":"info","ts":1764695666.8385797,"caller":"HabitTracker/main.go:372","msg":"shutting_down_server"}
{"level":"info","ts":1764695666.8387477,"caller":"HabitTracker/main.go:382","msg":"server_stopped"}
{"level":"info","ts":1764695668.0933056,"caller":"HabitTracker/main.go:35","msg":"starting_application","version":"2.0.0"}
{"level":"info","ts":1764695668.1934476,"caller":"cache/redis.go:46","msg":"redis_connected","addr":"localhost:6379"}
{"level":"info","ts":1764695668.193846,"caller":"HabitTracker/main.go:345","msg":"starting_http_server","port":"8080","environment":"release"}
{"level":"info","ts":1764695675.7064693,"caller":"middleware/request_logger.go:25","msg":"http_request","method":"POST","path":"/login","status":403,"duration":0.000323008,"client_ip":"::1"}
{"level":"info","ts":1764695677.2934551,"caller":"middleware/request_logger.go:25","msg":"http_request","method":"POST","path":"/login","status":403,"duration":0.000254139,"client_ip":"::1"}
{"level":"info","ts":1764695685.9043431,"caller":"middleware/request_logger.go:25","msg":"http_request","method":"GET","path":"/api/cities","status":403,"duration":0.001057843,"client_ip":"::1"}
{"level":"info","ts":1764695699.129871,"caller":"HabitTracker/main.go:380","msg":"shutting_down_server"}
{"level":"info","ts":1764695699.1301384,"caller":"HabitTracker/main.go:390","msg":"server_stopped"}
{"level":"info","ts":1764695699.2510142,"caller":"HabitTracker/main.go:35","msg":"starting_application","version":"2.0.0"}
{"level":"info","ts":1764695699.3484402,"caller":"cache/redis.go:46","msg":"redis_connected","addr":"localhost:6379"}
{"level":"info","ts":1764695699.3487911,"caller":"HabitTracker/main.go:345","msg":"starting_http_server","port":"8080","environment":"release"}
{"level":"info","ts":1764695709.8431232,"caller":"middleware/request_logger.go:25","msg":"http_request","method":"GET","path":"/api/cities","status":403,"duration":0.000364737,"client_ip":"::1"}
{"level":"info","ts":1764695738.3305604,"caller":"HabitTracker/main.go:380","msg":"shutting_down_server"}
{"level":"info","ts":1764695738.3307571,"caller":"HabitTracker/main.go:390","msg":"server_stopped"}
{"level":"info","ts":1764695739.6174703,"caller":"HabitTracker/main.go:35","msg":"starting_application","version":"2.0.0"}
{"level":"info","ts":1764695739.7166326,"caller":"cache/redis.go:46","msg":"redis_connected","addr":"localhost:6379"}
{"level":"info","ts":1764695739.717014,"caller":"HabitTracker/main.go:343","msg":"starting_http_server","port":"8080","environment":"release"}
{"level":"info","ts":1764695743.2103648,"caller":"middleware/request_logger.go:25","msg":"http_request","method":"GET","path":"/api/cities","status":403,"duration":0.000506174,"client_ip":"::1"}
{"level":"info","ts":1764696093.1659093,"caller":"HabitTracker/main.go:378","msg":"shutting_down_server"}
{"level":"info","ts":1764696093.1660547,"caller":"HabitTracker/main.go:388","msg":"server_stopped"}
{"level":"info","ts":1764696094.45562,"caller":"HabitTracker/main.go:35","msg":"starting_application","version":"2.0.0"}
{"level":"info","ts":1764696094.5514803,"caller":"cache/redis.go:46","msg":"redis_connected","addr":"localhost:6379"}
{"level":"info","ts":1764696094.5518146,"caller":"HabitTracker/main.go:341","msg":"starting_http_server","port":"8080","environment":"release"}
{"level":"info","ts":1764696102.9555244,"caller":"middleware/request_logger.go:25","msg":"http_request","method":"GET","path":"/api/cities","status":200,"duration":0.000513958,"client_ip":"::1"}
{"level":"info","ts":1764696111.156354,"caller":"middleware/request_logger.go:25","msg":"http_request","method":"POST","path":"/login","status":404,"duration":0.000207821,"client_ip":"::1"}
{"level":"info","ts":1764696146.3766115,"caller":"middleware/request_logger.go:25","msg":"http_request","method":"POST","path":"/login","status":404,"duration":0.000206298,"client_ip":"::1"}
{"level":"info","ts":1764696375.5633051,"caller":"HabitTracker/main.go:376","msg":"shutting_down_server"}
{"level":"info","ts":1764696375.5634465,"caller":"HabitTracker/main.go:386","msg":"server_stopped"}
{"level":"info","ts":1764696376.8398743,"caller":"HabitTracker/main.go:35","msg":"starting_application","version":"2.0.0"}
{"level":"info","ts":1764696376.9450366,"caller":"cache/redis.go:46","msg":"redis_connected","addr":"localhost:6379"}
{"level":"info","ts":1764696376.9454288,"caller":"HabitTracker/main.go:338","msg":"starting_http_server","port":"8080","environment":"release"}
{"level":"info","ts":1764696383.752087,"caller":"middleware/request_logger.go:25","msg":"http_request","method":"POST","path":"/login","status":404,"duration":0.000275489,"client_ip":"::1"}
{"level":"info","ts":1764696389.796602,"caller":"middleware/request_logger.go:25","msg":"http_request","method":"POST","path":"/login","status":404,"duration":0.0001967,"client_ip":"::1"}
{"level":"info","ts":1764696391.7769527,"caller":"middleware/request_logger.go:25","msg":"http_request","method":"POST","path":"/login","status":404,"duration":0.000250933,"client_ip":"::1"}
{"level":"info","ts":1764696976.8007562,"caller":"middleware/request_logger.go:25","msg":"http_request","method":"POST","path":"/login","status":404,"duration":0.000298482,"client_ip":"::1"}
{"level":"info","ts":1764696988.891769,"caller":"middleware/request_logger.go:25","msg":"http_request","method":"GET","path":"/api/cities","status":200,"duration":0.00042971,"client_ip":"::1"}
{"level":"info","ts":1764697006.8395922,"caller":"middleware/request_logger.go:25","msg":"http_request","method":"OPTIONS","path":"/api/login","status":204,"duration":0.000325944,"client_ip":"::1"}
{"level":"info","ts":1764697006.9015355,"caller":"routes/auth_routes.go:134","msg":"user_logged_in","user_id":1}
{"level":"info","ts":1764697006.9016097,"caller":"middleware/request_logger.go:25","msg":"http_request","method":"POST","path":"/api/login","status":200,"duration":0.060146213,"client_ip":"::1"}
{"level":"info","ts":1764697006.9255772,"caller":"middleware/request_logger.go:25","msg":"http_request","method":"GET","path":"/uploads/*filepath","status":200,"duration":0.01208306,"client_ip":"::1"}
{"level":"info","ts":1764697006.9282882,"caller":"middleware/request_logger.go:25","msg":"http_request","method":"OPTIONS","path":"/api/cities","status":204,"duration":0.000178907,"client_ip":"::1"}
{"level":"info","ts":1764697006.93062,"caller":"middleware/request_logger.go:25","msg":"http_request","method":"GET","path":"/api/cities","status":200,"duration":0.000256122,"client_ip":"::1"}
{"level":"info","ts":1764697661.8584025,"caller":"HabitTracker/main.go:373","msg":"shutting_down_server"}
{"level":"info","ts":1764697661.8585927,"caller":"HabitTracker/main.go:383","msg":"server_stopped"}
{"level":"info","ts":1764697663.3101506,"caller":"HabitTracker/main.go:35","msg":"starting_application","version":"2.0.0"}
{"level":"info","ts":1764697663.4067388,"caller":"cache/redis.go:46","msg":"redis_connected","addr":"localhost:6379"}
{"level":"info","ts":1764697663.4070396,"caller":"HabitTracker/main.go:338","msg":"starting_http_server","port":"8080","environment":"release"}
{"level":"info","ts":1764697851.173663,"caller":"HabitTracker/main.go:373","msg":"shutting_down_server"}
{"level":"info","ts":1764697851.173852,"caller":"HabitTracker/main.go:383","msg":"server_stopped"}
{"level":"info","ts":1764697852.3433836,"caller":"HabitTracker/main.go:35","msg":"starting_application","version":"2.0.0"}
{"level":"info","ts":1764697852.4476645,"caller":"cache/redis.go:46","msg":"redis_connected","addr":"localhost:6379"}
{"level":"info","ts":1764697852.4480696,"caller":"HabitTracker/main.go:338","msg":"starting_http_server","port":"8080","environment":"release"}
{"level":"info","ts":1764697998.8954272,"caller":"middleware/request_logger.go:25","msg":"http_request","method":"OPTIONS","path":"/api/habits","status":204,"duration":0.000256303,"client_ip":"::1"}
{"level":"error","ts":1764697998.9011164,"caller":"middleware/recovery.go:15","msg":"panic_recovered","panic":"interface conversion: interface {} is models.User, not gin.H"}
{"level":"error","ts":1764698001.8046477,"caller":"middleware/recovery.go:15","msg":"panic_recovered","panic":"interface conversion: interface {} is models.User, not gin.H"}
{"level":"info","ts":1764698304.6102874,"caller":"HabitTracker/main.go:373","msg":"shutting_down_server"}
{"level":"info","ts":1764698304.6107485,"caller":"HabitTracker/main.go:383","msg":"server_stopped"}
{"level":"info","ts":1764745931.6775813,"caller":"HabitTracker/main.go:35","msg":"starting_application","version":"2.0.0"}
{"level":"info","ts":1764745931.8210948,"caller":"cache/redis.go:46","msg":"redis_connected","addr":"localhost:6379"}
{"level":"info","ts":1764745931.8218,"caller":"HabitTracker/main.go:338","msg":"starting_http_server","port":"8080","environment":"release"}
{"level":"info","ts":1764745943.5022857,"caller":"middleware/request_logger.go:25","msg":"http_request","method":"OPTIONS","path":"/api/habits","status":204,"duration":0.00052084,"client_ip":"::1"}
{"level":"error","ts":1764745943.5060484,"caller":"middleware/recovery.go:15","msg":"panic_recovered","panic":"interface conversion: interface {} is models.User, not gin.H"}
{"level":"info","ts":1764745950.2136846,"caller":"middleware/request_logger.go:25","msg":"http_request","method":"GET","path":"/api/habits","status":401,"duration":0.000318299,"client_ip":"::1"}
{"level":"error","ts":1764745972.5647151,"caller":"middleware/recovery.go:15","msg":"panic_recovered","panic":"interface conversion: interface {} is models.User, not gin.H"}
{"level":"error","ts":1764746031.6733694,"caller":"middleware/recovery.go:15","msg":"panic_recovered","panic":"interface conversion: interface {} is models.User, not gin.H"}
{"level":"info","ts":1764746314.6252654,"caller":"HabitTracker/main.go:373","msg":"shutting_down_server"}
{"level":"info","ts":1764746314.6254416,"caller":"HabitTracker/main.go:383","msg":"server_stopped"}
{"level":"info","ts":1764746316.4467206,"caller":"HabitTracker/main.go:35","msg":"starting_application","version":"2.0.0"}
{"level":"info","ts":1764746316.5461397,"caller":"cache/redis.go:46","msg":"redis_connected","addr":"localhost:6379"}
{"level":"info","ts":1764746316.5464923,"caller":"HabitTracker/main.go:338","msg":"starting_http_server","port":"8080","environment":"release"}
{"level":"error","ts":1764746323.2246184,"caller":"middleware/recovery.go:15","msg":"panic_recovered","panic":"interface conversion: interface {} is models.User, not gin.H"}
{"level":"error","ts":1764746353.0672216,"caller":"middleware/recovery.go:15","msg":"panic_recovered","panic":"interface conversion: interface {} is models.User, not gin.H"}
{"level":"info","ts":1764746365.3959534,"caller":"middleware/request_logger.go:25","msg":"http_request","method":"OPTIONS","path":"/api/login","status":204,"duration":0.000238997,"client_ip":"::1"}
{"level":"info","ts":1764746365.5069065,"caller":"routes/auth_routes.go:134","msg":"user_logged_in","user_id":1}
{"level":"info","ts":1764746365.5070076,"caller":"middleware/request_logger.go:25","msg":"http_request","method":"POST","path":"/api/login","status":200,"duration":0.108444952,"client_ip":"::1"}
{"level":"info","ts":1764746365.544007,"caller":"middleware/request_logger.go:25","msg":"http_request","method":"OPTIONS","path":"/api/cities","status":204,"duration":0.000229549,"client_ip":"::1"}
{"level":"info","ts":1764746365.5476732,"caller":"middleware/request_logger.go:25","msg":"http_request","method":"GET","path":"/api/cities","status":200,"duration":0.001082922,"client_ip":"::1"}
{"level":"error","ts":1764746367.0852408,"caller":"middleware/recovery.go:15","msg":"panic_recovered","panic":"interface conversion: interface {} is models.User, not gin.H"}
{"level":"error","ts":1764746384.3374546,"caller":"middleware/recovery.go:15","msg":"panic_recovered","panic":"interface conversion: interface {} is models.User, not gin.H"}
{"level":"info","ts":1764747624.6930268,"caller":"HabitTracker/main.go:373","msg":"shutting_down_server"}
{"level":"info","ts":1764747624.6932104,"caller":"HabitTracker/main.go:383","msg":"server_stopped"}
{"level":"info","ts":1764747626.3396738,"caller":"HabitTracker/main.go:35","msg":"starting_application","version":"2.0.0"}
{"level":"info","ts":1764747626.4436975,"caller":"cache/redis.go:46","msg":"redis_connected","addr":"localhost:6379"}
{"level":"info","ts":1764747626.4441557,"caller":"HabitTracker/main.go:338","msg":"starting_http_server","port":"8080","environment":"release"}
{"level":"info","ts":1764747637.3647587,"caller":"routes/auth_routes.go:134","msg":"user_logged_in","user_id":1}
{"level":"info","ts":1764747637.3648586,"caller":"middleware/request_logger.go:25","msg":"http_request","method":"POST","path":"/api/login","status":200,"duration":0.092623814,"client_ip":"::1"}
{"level":"info","ts":1764747637.4029133,"caller":"handlers/authHandler.go:19","msg":"AuthMiddleware started","path":"/api/habits"}
{"level":"info","ts":1764747637.4030118,"caller":"handlers/authHandler.go:30","msg":"token_extracted","token_length":"©"}
{"level":"info","ts":1764747637.4030743,"caller":"handlers/authHandler.go:51","msg":"token_valid","claims":{"exp":1764834037,"role":"user","user_id":1,"username":"Bekezhan"}}
{"level":"info","ts":1764747637.403118,"caller":"handlers/authHandler.go:63","msg":"user_id_extracted","user_id":1}
{"level":"info","ts":1764747637.403725,"caller":"handlers/authHandler.go:76","msg":"user_loaded_from_db","user_id":1,"username":"Bekezhan","role":"user"}
{"level":"info","ts":1764747637.40375,"caller":"handlers/authHandler.go:85","msg":"user_set_in_context","user_id":1}
{"level":"error","ts":1764747637.4037673,"caller":"middleware/recovery.go:15","msg":"panic_recovered","panic":"interface conversion: interface {} is models.User, not gin.H"}
{"level":"info","ts":1764747654.5224912,"caller":"handlers/authHandler.go:19","msg":"AuthMiddleware started","path":"/api/habits"}
{"level":"info","ts":1764747654.5225382,"caller":"handlers/authHandler.go:30","msg":"token_extracted","token_length":"©"}
{"level":"info","ts":1764747654.5225883,"caller":"handlers/authHandler.go:51","msg":"token_valid","claims":{"exp":1764832765,"role":"user","user_id":1,"username":"Bekezhan"}}
{"level":"info","ts":1764747654.522609,"caller":"handlers/authHandler.go:63","msg":"user_id_extracted","user_id":1}
{"level":"info","ts":1764747654.523066,"caller":"handlers/authHandler.go:76","msg":"user_loaded_from_db","user_id":1,"username":"Bekezhan","role":"user"}
{"level":"info","ts":1764747654.523085,"caller":"handlers/authHandler.go:85","msg":"user_set_in_context","user_id":1}
{"level":"error","ts":1764747654.5231113,"caller":"middleware/recovery.go:15","msg":"panic_recovered","panic":"interface conversion: interface {} is models.User, not gin.H"}
{"level":"info","ts":1764747654.9295797,"caller":"handlers/authHandler.go:19","msg":"AuthMiddleware started","path":"/api/habits"}
{"level":"info","ts":1764747654.9296432,"caller":"handlers/authHandler.go:30","msg":"token_extracted","token_length":"©"}
{"level":"info","ts":1764747654.929704,"caller":"handlers/authHandler.go:51","msg":"token_valid","claims":{"exp":1764832765,"role":"user","user_id":1,"username":"Bekezhan"}}
{"level":"info","ts":1764747654.9297273,"caller":"handlers/authHandler.go:63","msg":"user_id_extracted","user_id":1}
{"level":"info","ts":1764747654.9301147,"caller":"handlers/authHandler.go:76","msg":"user_loaded_from_db","user_id":1,"username":"Bekezhan","role":"user"}
{"level":"info","ts":1764747654.9301455,"caller":"handlers/authHandler.go:85","msg":"user_set_in_context","user_id":1}
{"level":"error","ts":1764747654.9301627,"caller":"middleware/recovery.go:15","msg":"panic_recovered","panic":"interface conversion: interface {} is models.User, not gin.H"}
{"level":"info","ts":1764747785.701194,"caller":"handlers/authHandler.go:19","msg":"AuthMiddleware started","path":"/api/habits"}
{"level":"info","ts":1764747785.7012396,"caller":"handlers/authHandler.go:30","msg":"token_extracted","token_length":"©"}
{"level":"info","ts":1764747785.7012923,"caller":"handlers/authHandler.go:51","msg":"token_valid","claims":{"exp":1764834037,"role":"user","user_id":1,"username":"Bekezhan"}}
{"level":"info","ts":1764747785.7013104,"caller":"handlers/authHandler.go:63","msg":"user_id_extracted","user_id":1}
{"level":"info","ts":1764747785.7017157,"caller":"handlers/authHandler.go:76","msg":"user_loaded_from_db","user_id":1,"username":"Bekezhan","role":"user"}
{"level":"info","ts":1764747785.7017314,"caller":"handlers/authHandler.go:85","msg":"user_set_in_context","user_id":1}
{"level":"error","ts":1764747785.7017412,"caller":"middleware/recovery.go:15","msg":"panic_recovered","panic":"interface conversion: interface {} is models.User, not gin.H"}
{"level":"info","ts":1764747870.7756622,"caller":"middleware/request_logger.go:25","msg":"http_request","method":"OPTIONS","path":"/api/habits","status":204,"duration":0.000349528,"client_ip":"::1"}
{"level":"info","ts":1764747870.7783854,"caller":"handlers/authHandler.go:19","msg":"AuthMiddleware started","path":"/api/habits"}
{"level":"info","ts":1764747870.7784257,"caller":"handlers/authHandler.go:30","msg":"token_extracted","token_length":"©"}
{"level":"info","ts":1764747870.7784817,"caller":"handlers/authHandler.go:51","msg":"token_valid","claims":{"exp":1764834037,"role":"user","user_id":1,"username":"Bekezhan"}}
{"level":"info","ts":1764747870.7785027,"caller":"handlers/authHandler.go:63","msg":"user_id_extracted","user_id":1}
{"level":"info","ts":1764747870.7791388,"caller":"handlers/authHandler.go:76","msg":"user_loaded_from_db","user_id":1,"username":"Bekezhan","role":"user"}
{"level":"info","ts":1764747870.7791579,"caller":"handlers/authHandler.go:85","msg":"user_set_in_context","user_id":1}
{"level":"error","ts":1764747870.7791724,"caller":"middleware/recovery.go:15","msg":"panic_recovered","panic":"interface conversion: interface {} is models.User, not gin.H"}
{"level":"info","ts":1764747874.8696005,"caller":"handlers/authHandler.go:19","msg":"AuthMiddleware started","path":"/api/habits"}
{"level":"info","ts":1764747874.8696618,"caller":"handlers/authHandler.go:30","msg":"token_extracted","token_length":"©"}
{"level":"info","ts":1764747874.8697093,"caller":"handlers/authHandler.go:51","msg":"token_valid","claims":{"exp":1764834037,"role":"user","user_id":1,"username":"Bekezhan"}}
{"level":"info","ts":1764747874.8697288,"caller":"handlers/authHandler.go:63","msg":"user_id_extracted","user_id":1}
{"level":"info","ts":1764747874.8702598,"caller":"handlers/authHandler.go:76","msg":"user_loaded_from_db","user_id":1,"username":"Bekezhan","role":"user"}
{"level":"info","ts":1764747874.8702822,"caller":"handlers/authHandler.go:85","msg":"user_set_in_context","user_id":1}
{"level":"error","ts":1764747874.8702955,"caller":"middleware/recovery.go:15","msg":"panic_recovered","panic":"interface conversion: interface {} is models.User, not gin.H"}
{"level":"info","ts":1764747875.7667425,"caller":"handlers/authHandler.go:19","msg":"AuthMiddleware started","path":"/api/habits"}
{"level":"info","ts":1764747875.766784,"caller":"handlers/authHandler.go:30","msg":"token_extracted","token_length":"©"}
{"level":"info","ts":1764747875.7668316,"caller":"handlers/authHandler.go:51","msg":"token_valid","claims":{"exp":1764834037,"role":"user","user_id":1,"username":"Bekezhan"}}
{"level":"info","ts":1764747875.7668507,"caller":"handlers/authHandler.go:63","msg":"user_id_extracted","user_id":1}
{"level":"info","ts":1764747875.7671676,"caller":"handlers/authHandler.go:76","msg":"user_loaded_from_db","user_id":1,"username":"Bekezhan","role":"user"}
{"level":"info","ts":1764747875.7671952,"caller":"handlers/authHandler.go:85","msg":"user_set_in_context","user_id":1}
{"level":"error","ts":1764747875.7672114,"caller":"middleware/recovery.go:15","msg":"panic_recovered","panic":"interface conversion: interface {} is models.User, not gin.H"}
{"level":"info","ts":1764747898.7849746,"caller":"handlers/authHandler.go:19","msg":"AuthMiddleware started","path":"/api/habits"}
{"level":"info","ts":1764747898.7852194,"caller":"handlers/authHandler.go:30","msg":"token_extracted","token_length":"©"}
{"level":"info","ts":1764747898.785293,"caller":"handlers/authHandler.go:51","msg":"token_valid","claims":{"exp":1764834037,"role":"user","user_id":1,"username":"Bekezhan"}}
{"level":"info","ts":1764747898.7853305,"caller":"handlers/authHandler.go:63","msg":"user_id_extracted","user_id":1}
{"level":"info","ts":1764747898.785919,"caller":"handlers/authHandler.go:76","msg":"user_loaded_from_db","user_id":1,"username":"Bekezhan","role":"user"}
{"level":"info","ts":1764747898.785954,"caller":"handlers/authHandler.go:85","msg":"user_set_in_context","user_id":1}
{"level":"error","ts":1764747898.7859788,"caller":"middleware/recovery.go:15","msg":"panic_recovered","panic":"interface conversion: interface {} is models.User, not gin.H"}
{"level":"info","ts":1764747907.448908,"caller":"handlers/authHandler.go:19","msg":"AuthMiddleware started","path":"/api/habits"}
{"level":"info","ts":1764747907.4489672,"caller":"handlers/authHandler.go:30","msg":"token_extracted","token_length":"©"}
{"level":"info","ts":1764747907.4490273,"caller":"handlers/authHandler.go:51","msg":"token_valid","claims":{"exp":1764834037,"role":"user","user_id":1,"username":"Bekezhan"}}
{"level":"info","ts":1764747907.449051,"caller":"handlers/authHandler.go:63","msg":"user_id_extracted","user_id":1}
{"level":"info","ts":1764747907.4494503,"caller":"handlers/authHandler.go:76","msg":"user_loaded_from_db","user_id":1,"username":"Bekezhan","role":"user"}
{"level":"info","ts":1764747907.4494767,"caller":"handlers/authHandler.go:85","msg":"user_set_in_context","user_id":1}
{"level":"error","ts":1764747907.4494922,"caller":"middleware/recovery.go:15","msg":"panic_recovered","panic":"interface conversion: interface {} is models.User, not gin.H"}
{"level":"info","ts":1764747973.855338,"caller":"HabitTracker/main.go:373","msg":"shutting_down_server"}
{"level":"info","ts":1764747973.855471,"caller":"HabitTracker/main.go:383","msg":"server_stopped"}
{"level":"info","ts":1764747975.3305433,"caller":"HabitTracker/main.go:35","msg":"starting_application","version":"2.0.0"}
{"level":"info","ts":1764747975.4345427,"caller":"cache/redis.go:46","msg":"redis_connected","addr":"localhost:6379"}
{"level":"info","ts":1764747975.4349291,"caller":"HabitTracker/main.go:349","msg":"starting_http_server","port":"8080","environment":"release"}
{"level":"info","ts":1764748005.3721254,"caller":"handlers/authHandler.go:19","msg":"AuthMiddleware started","path":"/debug/context"}
{"level":"info","ts":1764748005.3722086,"caller":"handlers/authHandler.go:30","msg":"token_extracted","token_length":"©"}
{"level":"info","ts":1764748005.3722703,"caller":"handlers/authHandler.go:51","msg":"token_valid","claims":{"exp":1764832765,"role":"user","user_id":1,"username":"Bekezhan"}}
{"level":"info","ts":1764748005.3722975,"caller":"handlers/authHandler.go:63","msg":"user_id_extracted","user_id":1}
{"level":"info","ts":1764748005.373043,"caller":"handlers/authHandler.go:76","msg":"user_loaded_from_db","user_id":1,"username":"Bekezhan","role":"user"}
{"level":"info","ts":1764748005.3730714,"caller":"handlers/authHandler.go:85","msg":"user_set_in_context","user_id":1}
{"level":"info","ts":1764748383.1209338,"caller":"HabitTracker/main.go:384","msg":"shutting_down_server"}
{"level":"info","ts":1764748383.1211522,"caller":"HabitTracker/main.go:394","msg":"server_stopped"}
{"level":"info","ts":1764748384.5379028,"caller":"HabitTracker/main.go:35","msg":"starting_application","version":"2.0.0"}
{"level":"info","ts":1764748384.6398773,"caller":"cache/redis.go:46","msg":"redis_connected","addr":"localhost:6379"}
{"level":"info","ts":1764748384.640285,"caller":"HabitTracker/main.go:353","msg":"starting_http_server","port":"8080","environment":"release"}
{"level":"info","ts":1764748389.4774687,"caller":"handlers/authHandler.go:19","msg":"AuthMiddleware started","path":"/api/habits"}
{"level":"info","ts":1764748389.4775064,"caller":"handlers/authHandler.go:30","msg":"token_extracted","token_length":"©"}
{"level":"info","ts":1764748389.4775844,"caller":"handlers/authHandler.go:51","msg":"token_valid","claims":{"exp":1764834037,"role":"user","user_id":1,"username":"Bekezhan"}}
{"level":"info","ts":1764748389.4776204,"caller":"handlers/authHandler.go:63","msg":"user_id_extracted","user_id":1}
{"level":"info","ts":1764748389.4784703,"caller":"handlers/authHandler.go:76","msg":"user_loaded_from_db","user_id":1,"username":"Bekezhan","role":"user"}
{"level":"info","ts":1764748389.4784935,"caller":"handlers/authHandler.go:85","msg":"user_set_in_context","user_id":1}
{"level":"info","ts":1764748389.4785032,"caller":"handlers/habitHandler.go:114","msg":"GetHabits started","path":"/api/habits"}
{"level":"info","ts":1764748389.478515,"caller":"handlers/habitHandler.go:126","msg":"user_interface_type","type":"models.User"}
{"level":"info","ts":1764748389.478524,"caller":"handlers/habitHandler.go:144","msg":"current_user_retrieved","id":1,"username":"Bekezhan","role":"user"}
{"level":"info","ts":1764748389.4785438,"caller":"handlers/habitHandler.go:154","msg":"user_query","user_id":1}
{"level":"info","ts":1764748389.4785602,"caller":"handlers/habitHandler.go:169","msg":"executing_database_query"}
{"level":"info","ts":1764748389.479132,"caller":"handlers/habitHandler.go:180","msg":"habits_retrieved_successfully","count":3}
{"level":"info","ts":1764748389.4792747,"caller":"middleware/request_logger.go:25","msg":"http_request","method":"GET","path":"/api/habits","status":200,"duration":0.002072813,"client_ip":"::1"}
{"level":"info","ts":1764748499.6447058,"caller":"middleware/request_logger.go:25","msg":"http_request","method":"OPTIONS","path":"/api/habits/log","status":204,"duration":0.000545617,"client_ip":"::1"}
{"level":"info","ts":1764748499.6497815,"caller":"handlers/authHandler.go:19","msg":"AuthMiddleware started","path":"/api/habits/log"}
{"level":"info","ts":1764748499.649826,"caller":"handlers/authHandler.go:30","msg":"token_extracted","token_length":"©"}
{"level":"info","ts":1764748499.6498814,"caller":"handlers/authHandler.go:51","msg":"token_valid","claims":{"exp":1764834037,"role":"user","user_id":1,"username":"Bekezhan"}}
{"level":"info","ts":1764748499.6499066,"caller":"handlers/authHandler.go:63","msg":"user_id_extracted","user_id":1}
{"level":"info","ts":1764748499.650495,"caller":"handlers/authHandler.go:76","msg":"user_loaded_from_db","user_id":1,"username":"Bekezhan","role":"user"}
{"level":"info","ts":1764748499.6505246,"caller":"handlers/authHandler.go:85","msg":"user_set_in_context","user_id":1}
{"level":"info","ts":1764748499.6576016,"caller":"handlers/habitHandler.go:259","msg":"habit_logged","habit_id":1,"is_completed":true}
{"level":"info","ts":1764748499.6577823,"caller":"middleware/request_logger.go:25","msg":"http_request","method":"POST","path":"/api/habits/log","status":200,"duration":0.008133535,"client_ip":"::1"}
{"level":"info","ts":1764748499.6629636,"caller":"handlers/authHandler.go:19","msg":"AuthMiddleware started","path":"/api/habits"}
{"level":"info","ts":1764748499.663002,"caller":"handlers/authHandler.go:30","msg":"token_extracted","token_length":"©"}
{"level":"info","ts":1764748499.6630466,"caller":"handlers/authHandler.go:51","msg":"token_valid","claims":{"exp":1764834037,"role":"user","user_id":1,"username":"Bekezhan"}}
{"level":"info","ts":1764748499.6630647,"caller":"handlers/authHandler.go:63","msg":"user_id_extracted","user_id":1}
{"level":"info","ts":1764748499.6634178,"caller":"handlers/authHandler.go:76","msg":"user_loaded_from_db","user_id":1,"username":"Bekezhan","role":"user"}
{"level":"info","ts":1764748499.6634483,"caller":"handlers/authHandler.go:85","msg":"user_set_in_context","user_id":1}
{"level":"info","ts":1764748499.6634598,"caller":"handlers/habitHandler.go:114","msg":"GetHabits started","path":"/api/habits"}
{"level":"info","ts":1764748499.6634727,"caller":"handlers/habitHandler.go:126","msg":"user_interface_type","type":"models.User"}
{"level":"info","ts":1764748499.6634817,"caller":"handlers/habitHandler.go:144","msg":"current_user_retrieved","id":1,"username":"Bekezhan","role":"user"}
{"level":"info","ts":1764748499.6634943,"caller":"handlers/habitHandler.go:154","msg":"user_query","user_id":1}
{"level":"info","ts":1764748499.6635041,"caller":"handlers/habitHandler.go:169","msg":"executing_database_query"}
{"level":"info","ts":1764748499.6638207,"caller":"handlers/habitHandler.go:180","msg":"habits_retrieved_successfully","count":3}
{"level":"info","ts":1764748499.6638827,"caller":"middleware/request_logger.go:25","msg":"http_request","method":"GET","path":"/api/habits","status":200,"duration":0.001095252,"client_ip":"::1"}
{"level":"info","ts":1764748508.673869,"caller":"middleware/request_logger.go:25","msg":"http_request","method":"GET","path":"/api/cities","status":200,"duration":0.00077522,"client_ip":"::1"}
{"level":"info","ts":1764748535.6612036,"caller":"middleware/request_logger.go:25","msg":"http_request","method":"OPTIONS","path":"/register","status":204,"duration":0.000230434,"client_ip":"::1"}
{"level":"info","ts":1764748535.6649156,"caller":"middleware/request_logger.go:25","msg":"http_request","method":"POST","path":"/register","status":404,"duration":0.000260842,"client_ip":"::1"}
{"level":"info","ts":1764748739.7843952,"caller":"middleware/request_logger.go:25","msg":"http_request","method":"GET","path":"/api/cities","status":200,"duration":0.000452422,"client_ip":"::1"}
{"level":"info","ts":1764748752.778733,"caller":"middleware/request_logger.go:25","msg":"http_request","method":"GET","path":"/api/cities","status":200,"duration":0.000325533,"client_ip":"::1"}
{"level":"info","ts":1764748757.3050117,"caller":"middleware/request_logger.go:25","msg":"http_request","method":"OPTIONS","path":"/api/register","status":204,"duration":0.000353285,"client_ip":"::1"}
{"level":"warn","ts":1764748757.3098538,"caller":"routes/auth_routes.go:35","msg":"invalid_register_request","error":"json: cannot unmarshal string into Go struct field .city_id of type uint"}
{"level":"info","ts":1764748757.3099647,"caller":"middleware/request_logger.go:25","msg":"http_request","method":"POST","path":"/api/register","status":400,"duration":0.000522564,"client_ip":"::1"}
{"level":"info","ts":1764748759.1486297,"caller":"middleware/request_logger.go:25","msg":"http_request","method":"GET","path":"/api/cities","status":200,"duration":0.000358926,"client_ip":"::1"}
{"level":"warn","ts":1764748774.5189686,"caller":"routes/auth_routes.go:35","msg":"invalid_register_request","error":"json: cannot unmarshal string into Go struct field .city_id of type uint"}
{"level":"info","ts":1764748774.5190392,"caller":"middleware/request_logger.go:25","msg":"http_request","method":"POST","path":"/api/register","status":400,"duration":0.000446611,"client_ip":"::1"}
{"level":"info","ts":1764749425.9005713,"caller":"HabitTracker/main.go:388","msg":"shutting_down_server"}
{"level":"info","ts":1764749425.9008763,"caller":"HabitTracker/main.go:398","msg":"server_stopped"}
{"level":"info","ts":1764749427.615846,"caller":"HabitTracker/main.go:35","msg":"starting_application","version":"2.0.0"}
{"level":"info","ts":1764749427.717268,"caller":"cache/redis.go:46","msg":"redis_connected","addr":"localhost:6379"}
{"level":"info","ts":1764749427.7176213,"caller":"HabitTracker/main.go:353","msg":"starting_http_server","port":"8080","environment":"release"}
{"level":"info","ts":1764749442.2378979,"caller":"middleware/request_logger.go:25","msg":"http_request","method":"GET","path":"/api/cities","status":200,"duration":0.000662809,"client_ip":"::1"}
{"level":"warn","ts":1764749461.76786,"caller":"routes/auth_routes.go:35","msg":"invalid_register_request","error":"json: cannot unmarshal string into Go struct field .city_id of type uint"}
{"level":"info","ts":1764749461.7679617,"caller":"middleware/request_logger.go:25","msg":"http_request","method":"POST","path":"/api/register","status":400,"duration":0.001392673,"client_ip":"::1"}
{"level":"info","ts":1764749485.8196132,"caller":"middleware/request_logger.go:25","msg":"http_request","method":"GET","path":"/api/cities","status":200,"duration":0.000349789,"client_ip":"::1"}
{"level":"info","ts":1764749487.4478111,"caller":"middleware/request_logger.go:25","msg":"http_request","method":"POST","path":"/register","status":404,"duration":0.000301658,"client_ip":"::1"}
{"level":"info","ts":1764749490.053134,"caller":"middleware/request_logger.go:25","msg":"http_request","method":"GET","path":"/api/cities","status":200,"duration":0.000441482,"client_ip":"::1"}
{"level":"info","ts":1764749498.92478,"caller":"middleware/request_logger.go:25","msg":"http_request","method":"POST","path":"/register","status":404,"duration":0.002195094,"client_ip":"::1"}
{"level":"info","ts":1764749557.6700013,"caller":"routes/auth_routes.go:134","msg":"user_logged_in","user_id":1}
{"level":"info","ts":1764749557.6701183,"caller":"middleware/request_logger.go:25","msg":"http_request","method":"POST","path":"/api/login","status":200,"duration":0.104752444,"client_ip":"::1"}
{"level":"info","ts":1764749557.720255,"caller":"middleware/request_logger.go:25","msg":"http_request","method":"GET","path":"/api/cities","status":200,"duration":0.000375928,"client_ip":"::1"}
{"level":"info","ts":1764749559.1708791,"caller":"handlers/authHandler.go:19","msg":"AuthMiddleware started","path":"/api/habits"}
{"level":"info","ts":1764749559.1709337,"caller":"handlers/authHandler.go:30","msg":"token_extracted","token_length":"©"}
{"level":"info","ts":1764749559.1710045,"caller":"handlers/authHandler.go:51","msg":"token_valid","claims":{"exp":1764835957,"role":"user","user_id":1,"username":"Bekezhan"}}
{"level":"info","ts":1764749559.1710315,"caller":"handlers/authHandler.go:63","msg":"user_id_extracted","user_id":1}
{"level":"info","ts":1764749559.1717224,"caller":"handlers/authHandler.go:76","msg":"user_loaded_from_db","user_id":1,"username":"Bekezhan","role":"user"}
{"level":"info","ts":1764749559.1717594,"caller":"handlers/authHandler.go:85","msg":"user_set_in_context","user_id":1}
{"level":"info","ts":1764749559.1719294,"caller":"middleware/cache_middleware.go:69","msg":"cache_miss","key":"cache:1:/api/habits?"}
{"level":"info","ts":1764749559.1719604,"caller":"handlers/habitHandler.go:114","msg":"GetHabits started","path":"/api/habits"}
{"level":"info","ts":1764749559.1719778,"caller":"handlers/habitHandler.go:126","msg":"user_interface_type","type":"models.User"}
{"level":"info","ts":1764749559.1719897,"caller":"handlers/habitHandler.go:144","msg":"current_user_retrieved","id":1,"username":"Bekezhan","role":"user"}
{"level":"info","ts":1764749559.1720176,"caller":"handlers/habitHandler.go:154","msg":"user_query","user_id":1}
{"level":"info","ts":1764749559.1720269,"caller":"handlers/habitHandler.go:169","msg":"executing_database_query"}
{"level":"info","ts":1764749559.17288,"caller":"handlers/habitHandler.go:180","msg":"habits_retrieved_successfully","count":3}
{"level":"info","ts":1764749559.1732423,"caller":"middleware/cache_middleware.go:93","msg":"cache_set_success","key":"cache:1:/api/habits?","ttl":120}
{"level":"info","ts":1764749559.1733093,"caller":"middleware/request_logger.go:25","msg":"http_request","method":"GET","path":"/api/habits","status":200,"duration":0.002616417,"client_ip":"::1"}
{"level":"info","ts":1764749563.1255713,"caller":"handlers/authHandler.go:19","msg":"AuthMiddleware started","path":"/api/habits"}
{"level":"info","ts":1764749563.1256127,"caller":"handlers/authHandler.go:30","msg":"token_extracted","token_length":"©"}
{"level":"info","ts":1764749563.1256628,"caller":"handlers/authHandler.go:51","msg":"token_valid","claims":{"exp":1764835957,"role":"user","user_id":1,"username":"Bekezhan"}}
{"level":"info","ts":1764749563.1256807,"caller":"handlers/authHandler.go:63","msg":"user_id_extracted","user_id":1}
{"level":"info","ts":1764749563.1261156,"caller":"handlers/authHandler.go:76","msg":"user_loaded_from_db","user_id":1,"username":"Bekezhan","role":"user"}
{"level":"info","ts":1764749563.12615,"caller":"handlers/authHandler.go:85","msg":"user_set_in_context","user_id":1}
{"level":"info","ts":1764749563.1263397,"caller":"middleware/cache_middleware.go:53","msg":"cache_hit","key":"cache:1:/api/habits?"}
{"level":"info","ts":1764749563.1263976,"caller":"middleware/request_logger.go:25","msg":"http_request","method":"GET","path":"/api/habits","status":200,"duration":0.001046791,"client_ip":"::1"}
{"level":"info","ts":1764749566.4989736,"caller":"middleware/request_logger.go:25","msg":"http_request","method":"OPTIONS","path":"/api/habits/2","status":204,"duration":0.000202662,"client_ip":"::1"}
{"level":"info","ts":1764749566.5017116,"caller":"handlers/authHandler.go:19","msg":"AuthMiddleware started","path":"/api/habits/2"}
{"level":"info","ts":1764749566.501744,"caller":"handlers/authHandler.go:30","msg":"token_extracted","token_length":"©"}
{"level":"info","ts":1764749566.501789,"caller":"handlers/authHandler.go:51","msg":"token_valid","claims":{"exp":1764835957,"role":"user","user_id":1,"username":"Bekezhan"}}
{"level":"info","ts":1764749566.5018082,"caller":"handlers/authHandler.go:63","msg":"user_id_extracted","user_id":1}
{"level":"info","ts":1764749566.5023923,"caller":"handlers/authHandler.go:76","msg":"user_loaded_from_db","user_id":1,"username":"Bekezhan","role":"user"}
{"level":"info","ts":1764749566.5024369,"caller":"handlers/authHandler.go:85","msg":"user_set_in_context","user_id":1}
{"level":"info","ts":1764749566.5092351,"caller":"handlers/habitHandler.go:378","msg":"habit_updated","habit_id":"2"}
{"level":"info","ts":1764749566.509355,"caller":"middleware/request_logger.go:25","msg":"http_request","method":"PUT","path":"/api/habits/:id","status":200,"duration":0.007733032,"client_ip":"::1"}
{"level":"info","ts":1764749566.5184119,"caller":"handlers/authHandler.go:19","msg":"AuthMiddleware started","path":"/api/habits"}
{"level":"info","ts":1764749566.518451,"caller":"handlers/authHandler.go:30","msg":"token_extracted","token_length":"©"}
{"level":"info","ts":1764749566.5185118,"caller":"handlers/authHandler.go:51","msg":"token_valid","claims":{"exp":1764835957,"role":"user","user_id":1,"username":"Bekezhan"}}
{"level":"info","ts":1764749566.518532,"caller":"handlers/authHandler.go:63","msg":"user_id_extracted","user_id":1}
{"level":"info","ts":1764749566.518885,"caller":"handlers/authHandler.go:76","msg":"user_loaded_from_db","user_id":1,"username":"Bekezhan","role":"user"}
{"level":"info","ts":1764749566.5189147,"caller":"handlers/authHandler.go:85","msg":"user_set_in_context","user_id":1}
{"level":"info","ts":1764749566.5190651,"caller":"middleware/cache_middleware.go:53","msg":"cache_hit","key":"cache:1:/api/habits?"}
{"level":"info","ts":1764749566.5191212,"caller":"middleware/request_logger.go:25","msg":"http_request","method":"GET","path":"/api/habits","status":200,"duration":0.000875549,"client_ip":"::1"}
{"level":"info","ts":1764749570.3481884,"caller":"handlers/authHandler.go:19","msg":"AuthMiddleware started","path":"/api/habits/log"}
{"level":"info","ts":1764749570.3482382,"caller":"handlers/authHandler.go:30","msg":"token_extracted","token_length":"©"}
{"level":"info","ts":1764749570.3482947,"caller":"handlers/authHandler.go:51","msg":"token_valid","claims":{"exp":1764835957,"role":"user","user_id":1,"username":"Bekezhan"}}
{"level":"info","ts":1764749570.3483272,"caller":"handlers/authHandler.go:63","msg":"user_id_extracted","user_id":1}
{"level":"info","ts":1764749570.3487737,"caller":"handlers/authHandler.go:76","msg":"user_loaded_from_db","user_id":1,"username":"Bekezhan","role":"user"}
{"level":"info","ts":1764749570.3487985,"caller":"handlers/authHandler.go:85","msg":"user_set_in_context","user_id":1}
{"level":"info","ts":1764749570.379533,"caller":"handlers/habitHandler.go:259","msg":"habit_logged","habit_id":1,"is_completed":true}
{"level":"info","ts":1764749570.3796523,"caller":"middleware/request_logger.go:25","msg":"http_request","method":"POST","path":"/api/habits/log","status":200,"duration":0.031642196,"client_ip":"::1"}
{"level":"info","ts":1764749570.3837206,"caller":"handlers/authHandler.go:19","msg":"AuthMiddleware started","path":"/api/habits"}
{"level":"info","ts":1764749570.383766,"caller":"handlers/authHandler.go:30","msg":"token_extracted","token_length":"©"}
{"level":"info","ts":1764749570.3838174,"caller":"handlers/authHandler.go:51","msg":"token_valid","claims":{"exp":1764835957,"role":"user","user_id":1,"username":"Bekezhan"}}
{"level":"info","ts":1764749570.3838525,"caller":"handlers/authHandler.go:63","msg":"user_id_extracted","user_id":1}
{"level":"info","ts":1764749570.384268,"caller":"handlers/authHandler.go:76","msg":"user_loaded_from_db","user_id":1,"username":"Bekezhan","role":"user"}
{"level":"info","ts":1764749570.3842986,"caller":"handlers/authHandler.go:85","msg":"user_set_in_context","user_id":1}
{"level":"info","ts":1764749570.3844361,"caller":"middleware/cache_middleware.go:53","msg":"cache_hit","key":"cache:1:/api/habits?"}
{"level":"info","ts":1764749570.3844726,"caller":"middleware/request_logger.go:25","msg":"http_request","method":"GET","path":"/api/habits","status":200,"duration":0.0009294,"client_ip":"::1"}
{"level":"info","ts":1764749572.180582,"caller":"handlers/authHandler.go:19","msg":"AuthMiddleware started","path":"/api/habits/log"}
{"level":"info","ts":1764749572.1806417,"caller":"handlers/authHandler.go:30","msg":"token_extracted","token_length":"©"}
{"level":"info","ts":1764749572.180699,"caller":"handlers/authHandler.go:51","msg":"token_valid","claims":{"exp":1764835957,"role":"user","user_id":1,"username":"Bekezhan"}}
{"level":"info","ts":1764749572.180719,"caller":"handlers/authHandler.go:63","msg":"user_id_extracted","user_id":1}
{"level":"info","ts":1764749572.1811798,"caller":"handlers/authHandler.go:76","msg":"user_loaded_from_db","user_id":1,"username":"Bekezhan","role":"user"}
{"level":"info","ts":1764749572.1812215,"caller":"handlers/authHandler.go:85","msg":"user_set_in_context","user_id":1}
{"level":"info","ts":1764749572.1868606,"caller":"handlers/habitHandler.go:259","msg":"habit_logged","habit_id":2,"is_completed":true}
{"level":"info","ts":1764749572.186919,"caller":"middleware/request_logger.go:25","msg":"http_request","method":"POST","path":"/api/habits/log","status":200,"duration":0.006573038,"client_ip":"::1"}
{"level":"info","ts":1764749572.191916,"caller":"handlers/authHandler.go:19","msg":"AuthMiddleware started","path":"/api/habits"}
{"level":"info","ts":1764749572.1920245,"caller":"handlers/authHandler.go:30","msg":"token_extracted","token_length":"©"}
{"level":"info","ts":1764749572.1921296,"caller":"handlers/authHandler.go:51","msg":"token_valid","claims":{"exp":1764835957,"role":"user","user_id":1,"username":"Bekezhan"}}
{"level":"info","ts":1764749572.1921623,"caller":"handlers/authHandler.go:63","msg":"user_id_extracted","user_id":1}
{"level":"info","ts":1764749572.1932595,"caller":"handlers/authHandler.go:76","msg":"user_loaded_from_db","user_id":1,"username":"Bekezhan","role":"user"}
{"level":"info","ts":1764749572.1933808,"caller":"handlers/authHandler.go:85","msg":"user_set_in_context","user_id":1}
{"level":"info","ts":1764749572.1939049,"caller":"middleware/cache_middleware.go:53","msg":"cache_hit","key":"cache:1:/api/habits?"}
{"level":"info","ts":1764749572.1939466,"caller":"middleware/request_logger.go:25","msg":"http_request","method":"GET","path":"/api/habits","status":200,"duration":0.002366847,"client_ip":"::1"}
{"level":"info","ts":1764749597.6547484,"caller":"handlers/authHandler.go:19","msg":"AuthMiddleware started","path":"/api/habits"}
{"level":"info","ts":1764749597.6547995,"caller":"handlers/authHandler.go:30","msg":"token_extracted","token_length":"©"}
{"level":"info","ts":1764749597.6548522,"caller":"handlers/authHandler.go:51","msg":"token_valid","claims":{"exp":1764835957,"role":"user","user_id":1,"username":"Bekezhan"}}
{"level":"info","ts":1764749597.6548731,"caller":"handlers/authHandler.go:63","msg":"user_id_extracted","user_id":1}
{"level":"info","ts":1764749597.6553414,"caller":"handlers/authHandler.go:76","msg":"user_loaded_from_db","user_id":1,"username":"Bekezhan","role":"user"}
{"level":"info","ts":1764749597.655368,"caller":"handlers/authHandler.go:85","msg":"user_set_in_context","user_id":1}
{"level":"info","ts":1764749597.6659493,"caller":"handlers/habitHandler.go:104","msg":"habit_created","habit_id":4,"user_id":1,"title":"Медитация"}
{"level":"info","ts":1764749597.6660492,"caller":"middleware/request_logger.go:25","msg":"http_request","method":"POST","path":"/api/habits","status":200,"duration":0.011472945,"client_ip":"::1"}
{"level":"info","ts":1764749597.6708908,"caller":"handlers/authHandler.go:19","msg":"AuthMiddleware started","path":"/api/habits"}
{"level":"info","ts":1764749597.6709323,"caller":"handlers/authHandler.go:30","msg":"token_extracted","token_length":"©"}
{"level":"info","ts":1764749597.6709788,"caller":"handlers/authHandler.go:51","msg":"token_valid","claims":{"exp":1764835957,"role":"user","user_id":1,"username":"Bekezhan"}}
{"level":"info","ts":1764749597.671,"caller":"handlers/authHandler.go:63","msg":"user_id_extracted","user_id":1}
{"level":"info","ts":1764749597.6713312,"caller":"handlers/authHandler.go:76","msg":"user_loaded_from_db","user_id":1,"username":"Bekezhan","role":"user"}
{"level":"info","ts":1764749597.6713662,"caller":"handlers/authHandler.go:85","msg":"user_set_in_context","user_id":1}
{"level":"info","ts":1764749597.6715505,"caller":"middleware/cache_middleware.go:53","msg":"cache_hit","key":"cache:1:/api/habits?"}
{"level":"info","ts":1764749597.671607,"caller":"middleware/request_logger.go:25","msg":"http_request","method":"GET","path":"/api/habits","status":200,"duration":0.000889445,"client_ip":"::1"}
{"level":"info","ts":1764749601.3518229,"caller":"handlers/authHandler.go:19","msg":"AuthMiddleware started","path":"/api/habits"}
{"level":"info","ts":1764749601.3518634,"caller":"handlers/authHandler.go:30","msg":"token_extracted","token_length":"©"}
{"level":"info","ts":1764749601.3519104,"caller":"handlers/authHandler.go:51","msg":"token_valid","claims":{"exp":1764835957,"role":"user","user_id":1,"username":"Bekezhan"}}
{"level":"info","ts":1764749601.351947,"caller":"handlers/authHandler.go:63","msg":"user_id_extracted","user_id":1}
{"level":"info","ts":1764749601.3524034,"caller":"handlers/authHandler.go:76","msg":"user_loaded_from_db","user_id":1,"username":"Bekezhan","role":"user"}
{"level":"info","ts":1764749601.3524318,"caller":"handlers/authHandler.go:85","msg":"user_set_in_context","user_id":1}
{"level":"info","ts":1764749601.3525822,"caller":"middleware/cache_middleware.go:53","msg":"cache_hit","key":"cache:1:/api/habits?"}
{"level":"info","ts":1764749601.3526163,"caller":"middleware/request_logger.go:25","msg":"http_request","method":"GET","path":"/api/habits","status":200,"duration":0.000986667,"client_ip":"::1"}
{"level":"info","ts":1764749623.0670485,"caller":"routes/auth_routes.go:134","msg":"user_logged_in","user_id":1}
{"level":"info","ts":1764749623.0672257,"caller":"middleware/request_logger.go:25","msg":"http_request","method":"POST","path":"/api/login","status":200,"duration":0.135986332,"client_ip":"::1"}
{"level":"info","ts":1764749623.1001422,"caller":"handlers/authHandler.go:19","msg":"AuthMiddleware started","path":"/api/habits"}
{"level":"info","ts":1764749623.1002352,"caller":"handlers/authHandler.go:30","msg":"token_extracted","token_length":"©"}
{"level":"info","ts":1764749623.1003158,"caller":"handlers/authHandler.go:51","msg":"token_valid","claims":{"exp":1764836023,"role":"user","user_id":1,"username":"Bekezhan"}}
{"level":"info","ts":1764749623.1003437,"caller":"handlers/authHandler.go:63","msg":"user_id_extracted","user_id":1}
{"level":"info","ts":1764749623.100703,"caller":"handlers/authHandler.go:76","msg":"user_loaded_from_db","user_id":1,"username":"Bekezhan","role":"user"}
{"level":"info","ts":1764749623.100739,"caller":"handlers/authHandler.go:85","msg":"user_set_in_context","user_id":1}
{"level":"info","ts":1764749623.100895,"caller":"middleware/cache_middleware.go:53","msg":"cache_hit","key":"cache:1:/api/habits?"}
{"level":"info","ts":1764749623.1009374,"caller":"middleware/request_logger.go:25","msg":"http_request","method":"GET","path":"/api/habits","status":200,"duration":0.001011875,"client_ip":"::1"}
{"level":"info","ts":1764749646.4190483,"caller":"handlers/authHandler.go:19","msg":"AuthMiddleware started","path":"/api/habits"}
{"level":"info","ts":1764749646.419084,"caller":"handlers/authHandler.go:30","msg":"token_extracted","token_length":"©"}
{"level":"info","ts":1764749646.4191353,"caller":"handlers/authHandler.go:51","msg":"token_valid","claims":{"exp":1764836023,"role":"user","user_id":1,"username":"Bekezhan"}}
{"level":"info","ts":1764749646.419153,"caller":"handlers/authHandler.go:63","msg":"user_id_extracted","user_id":1}
{"level":"info","ts":1764749646.4194279,"caller":"handlers/authHandler.go:76","msg":"user_loaded_from_db","user_id":1,"username":"Bekezhan","role":"user"}
{"level":"info","ts":1764749646.4194436,"caller":"handlers/authHandler.go:85","msg":"user_set_in_context","user_id":1}
{"level":"info","ts":1764749646.4195457,"caller":"middleware/cache_middleware.go:53","msg":"cache_hit","key":"cache:1:/api/habits?"}
{"level":"info","ts":1764749646.4195788,"caller":"middleware/request_logger.go:25","msg":"http_request","method":"GET","path":"/api/habits","status":200,"duration":0.000696922,"client_ip":"::1"}
{"level":"info","ts":1764749724.6752036,"caller":"HabitTracker/main.go:388","msg":"shutting_down_server"}
{"level":"info","ts":1764749724.6755033,"caller":"HabitTracker/main.go:398","msg":"server_stopped"}
{"level":"info","ts":1764749737.4788787,"caller":"HabitTracker/main.go:35","msg":"starting_application","version":"2.0.0"}
{"level":"info","ts":1764749737.6032062,"caller":"cache/redis.go:46","msg":"redis_connected","addr":"localhost:6379"}
{"level":"info","ts":1764749737.6036606,"caller":"HabitTracker/main.go:353","msg":"starting_http_server","port":"8080","environment":"release"}
{"level":"info","ts":1764749740.9095976,"caller":"middleware/request_logger.go:25","msg":"http_request","method":"GET","path":"/api/cities","status":200,"duration":0.000584891,"client_ip":"::1"}
{"level":"info","ts":1764749809.1182067,"caller":"middleware/request_logger.go:25","msg":"http_request","method":"POST","path":"/register","status":404,"duration":0.000310294,"client_ip":"::1"}
{"level":"info","ts":1764749842.016955,"caller":"HabitTracker/main.go:388","msg":"shutting_down_server"}
{"level":"info","ts":1764749842.0173535,"caller":"HabitTracker/main.go:398","msg":"server_stopped"}
